2026-07-06 21:23:08 | INFO | Conexión a MySQL exitosa.
2026-07-06 21:23:08 | INFO | Conectando al servidor SFTP...
2026-07-06 21:23:08 | INFO | Connected (version 2.0, client OpenSSH_8.4p1)
2026-07-06 21:23:08 | INFO | Authentication (password) successful!
2026-07-06 21:23:09 | INFO | [chan 0] Opened sftp connection (server version 3)
2026-07-06 21:23:09 | INFO | Conexión establecida.
2026-07-06 21:23:09 | INFO | Buscando archivos...
2026-07-06 21:23:09 | INFO | Procesando: report_7.txt
2026-07-06 21:23:09 | INFO | Archivo data/report_7.txt descargado.
2026-07-06 21:23:13 | INFO | Registros válidos : 503
2026-07-06 21:23:13 | INFO | Registros error   : 0
2026-07-06 21:23:14 | INFO | 503 registros insertados en estadistica.
2026-07-06 21:23:15 | INFO | Visitantes insertados : 502
2026-07-06 21:23:15 | INFO | Visitantes actualizados: 0
2026-07-06 21:23:15 | INFO | report_7.txt registrado en control_cargas.
2026-07-06 21:23:15 | INFO | Archivo remoto eliminado: data/report_7.txt.
2026-07-06 21:23:15 | INFO | ------------------------------------------------------------
2026-07-06 21:23:15 | INFO | Procesando: report_8.txt
2026-07-06 21:23:15 | INFO | Archivo data/report_8.txt descargado.
2026-07-06 21:23:19 | INFO | Registros válidos : 503
2026-07-06 21:23:19 | INFO | Registros error   : 0
2026-07-06 21:23:20 | INFO | 503 registros insertados en estadistica.
2026-07-06 21:23:21 | INFO | Visitantes insertados : 500
2026-07-06 21:23:21 | INFO | Visitantes actualizados: 3
2026-07-06 21:23:21 | INFO | report_8.txt registrado en control_cargas.
2026-07-06 21:23:21 | INFO | Archivo remoto eliminado: data/report_8.txt.
2026-07-06 21:23:21 | INFO | ------------------------------------------------------------
2026-07-06 21:23:21 | INFO | Procesando: report_9.txt
2026-07-06 21:23:21 | INFO | Archivo data/report_9.txt descargado.
2026-07-06 21:23:30 | INFO | Registros válidos : 993
2026-07-06 21:23:30 | INFO | Registros error   : 2
2026-07-06 21:23:32 | INFO | 993 registros insertados en estadistica.
2026-07-06 21:23:34 | INFO | Visitantes insertados : 993
2026-07-06 21:23:34 | INFO | Visitantes actualizados: 0
2026-07-06 21:23:34 | INFO | 2 registros insertados en errores.
2026-07-06 21:23:34 | INFO | report_9.txt registrado en control_cargas.
2026-07-06 21:23:34 | INFO | Archivo remoto eliminado: data/report_9.txt.
2026-07-06 21:23:34 | INFO | ------------------------------------------------------------
2026-07-06 21:23:34 | INFO | Archivo local eliminado: downloads/report_7.txt
2026-07-06 21:23:34 | INFO | Archivo local eliminado: downloads/report_8.txt
2026-07-06 21:23:34 | INFO | Archivo local eliminado: downloads/report_9.txt
2026-07-06 21:23:34 | INFO | [chan 0] sftp session closed.
2026-07-06 21:23:34 | INFO | Conexión cerrada.
2026-07-06 21:23:34 | INFO | Conexión cerrada.
